Flutter crash report.
Please report a bug at https://github.com/flutter/flutter/issues.

## command

flutter run

## exception

FormatException: FormatException: Missing extension byte (at offset 67)

```
#0      _Utf8Decoder.convertChunked (dart:convert-patch/convert_patch.dart:1963:7)
#1      _Utf8ConversionSink.addSlice (dart:convert/string_conversion.dart:310:28)
#2      _Utf8ConversionSink.add (dart:convert/string_conversion.dart:306:5)
#3      _ConverterStreamEventSink.add (dart:convert/chunked_conversion.dart:70:18)
#4      _SinkTransformerStreamSubscription._handleData (dart:async/stream_transformers.dart:115:24)
#5      _rootRunUnary (dart:async/zone.dart:1538:47)
#6      _CustomZone.runUnary (dart:async/zone.dart:1429:19)
#7      _CustomZone.runUnaryGuarded (dart:async/zone.dart:1329:7)
#8      _BufferingStreamSubscription._sendData (dart:async/stream_impl.dart:381:11)
#9      _BufferingStreamSubscription._add (dart:async/stream_impl.dart:312:7)
#10     _SyncStreamControllerDispatch._sendData (dart:async/stream_controller.dart:798:19)
#11     _StreamController._add (dart:async/stream_controller.dart:663:7)
#12     _StreamController.add (dart:async/stream_controller.dart:618:5)
#13     _Socket._onData (dart:io-patch/socket_patch.dart:2905:41)
#14     _rootRunUnary (dart:async/zone.dart:1546:13)
#15     _CustomZone.runUnary (dart:async/zone.dart:1429:19)
#16     _CustomZone.runUnaryGuarded (dart:async/zone.dart:1329:7)
#17     _BufferingStreamSubscription._sendData (dart:async/stream_impl.dart:381:11)
#18     _BufferingStreamSubscription._add (dart:async/stream_impl.dart:312:7)
#19     _SyncStreamControllerDispatch._sendData (dart:async/stream_controller.dart:798:19)
#20     _StreamController._add (dart:async/stream_controller.dart:663:7)
#21     _StreamController.add (dart:async/stream_controller.dart:618:5)
#22     new _RawSocket.<anonymous closure> (dart:io-patch/socket_patch.dart:2324:31)
#23     _NativeSocket.issueReadEvent.issue (dart:io-patch/socket_patch.dart:1648:14)
#24     _microtaskLoop (dart:async/schedule_microtask.dart:42:23)
#25     _startMicrotaskLoop (dart:async/schedule_microtask.dart:60:5)
#26     _runPendingImmediateCallback (dart:isolate-patch/isolate_patch.dart:127:13)
#27     _RawReceivePort._handleMessage (dart:isolate-patch/isolate_patch.dart:194:5)
```

## flutter doctor

```
[✓] Flutter (Channel main, 3.33.0-1.0.pre.809, on Debian GNU/Linux 12 (bookworm) 6.12.25+rpt-rpi-2712, locale en_US.UTF-8) [3.2s]
    • Flutter version 3.33.0-1.0.pre.809 on channel main at /home/sandy/flutter
    • Upstream repository https://github.com/flutter/flutter.git
    • Framework revision f2af736e33 (41 minutes ago), 2025-07-02 21:24:55 -0400
    • Engine revision f2af736e33
    • Dart version 3.9.0 (build 3.9.0-293.0.dev)
    • DevTools version 2.48.0-dev.0
    • Feature flags: enable-web, enable-linux-desktop, enable-macos-desktop, enable-windows-desktop, enable-android, enable-ios, cli-animations, enable-native-assets

[!] Android toolchain - develop for Android devices (Android SDK version 36.0.0) [54ms]
    • Android SDK at /home/sandy/Android/Sdk
    • Emulator version unknown
    • Platform android-36, build-tools 36.0.0
    • ANDROID_SDK_ROOT = /home/sandy/Android/sdk
    • Java binary at: /home/sandy/Desktop/jdk-21.0.7+6/bin/java
      This JDK is specified by the JAVA_HOME environment variable.
      To manually set the JDK path, use: `flutter config --jdk-dir="path/to/jdk"`.
    ✗ Could not determine java version

[✗] Chrome - develop for the web (Cannot find Chrome executable at google-chrome) [26ms]
    ! Cannot find Chrome. Try setting CHROME_EXECUTABLE to a Chrome executable.

[✗] Linux toolchain - develop for Linux desktop [1,300ms]
    • Debian clang version 14.0.6
    • cmake version 3.25.1
    • ninja version 1.11.1
    • pkg-config version 1.8.1
    ✗ GTK 3.0 development libraries are required for Linux development.
      They are likely available from your distribution (e.g.: apt install libgtk-3-dev)
    ! Unable to access driver information using 'eglinfo'.
      It is likely available from your distribution (e.g.: apt install mesa-utils)

[!] Android Studio (version 2025.1.1) [23ms]
    • Android Studio at /home/sandy/Desktop/android-studio
    • Flutter plugin can be installed from:
      🔨 https://plugins.jetbrains.com/plugin/9212-flutter
    • Dart plugin can be installed from:
      🔨 https://plugins.jetbrains.com/plugin/6351-dart
    ✗ Unable to determine bundled Java version.
    • Try updating or re-installing Android Studio.

[✓] VS Code (version 1.101.2) [20ms]
    • VS Code at /usr/share/code
    • Flutter extension can be installed from:
      🔨 https://marketplace.visualstudio.com/items?itemName=Dart-Code.flutter

[☠] Connected device (the doctor check crashed)
    ✗ Due to an error, the doctor check did not complete. If the error message below is not helpful, please let us know about this issue at https://github.com/flutter/flutter/issues.
    ✗ FormatException: Missing extension byte (at offset 67)
    • #0      _Utf8Decoder.convertChunked (dart:convert-patch/convert_patch.dart:1963:7)
      #1      _Utf8ConversionSink.addSlice (dart:convert/string_conversion.dart:310:28)
      #2      _Utf8ConversionSink.add (dart:convert/string_conversion.dart:306:5)
      #3      _ConverterStreamEventSink.add (dart:convert/chunked_conversion.dart:70:18)
      #4      _SinkTransformerStreamSubscription._handleData (dart:async/stream_transformers.dart:115:24)
      #5      _rootRunUnary (dart:async/zone.dart:1538:47)
      #6      _CustomZone.runUnary (dart:async/zone.dart:1429:19)
      #7      _CustomZone.runUnaryGuarded (dart:async/zone.dart:1329:7)
      #8      _BufferingStreamSubscription._sendData (dart:async/stream_impl.dart:381:11)
      #9      _BufferingStreamSubscription._add (dart:async/stream_impl.dart:312:7)
      #10     _SyncStreamControllerDispatch._sendData (dart:async/stream_controller.dart:798:19)
      #11     _StreamController._add (dart:async/stream_controller.dart:663:7)
      #12     _StreamController.add (dart:async/stream_controller.dart:618:5)
      #13     _Socket._onData (dart:io-patch/socket_patch.dart:2905:41)
      #14     _rootRunUnary (dart:async/zone.dart:1546:13)
      #15     _CustomZone.runUnary (dart:async/zone.dart:1429:19)
      #16     _CustomZone.runUnaryGuarded (dart:async/zone.dart:1329:7)
      #17     _BufferingStreamSubscription._sendData (dart:async/stream_impl.dart:381:11)
      #18     _BufferingStreamSubscription._add (dart:async/stream_impl.dart:312:7)
      #19     _SyncStreamControllerDispatch._sendData (dart:async/stream_controller.dart:798:19)
      #20     _StreamController._add (dart:async/stream_controller.dart:663:7)
      #21     _StreamController.add (dart:async/stream_controller.dart:618:5)
      #22     new _RawSocket.<anonymous closure> (dart:io-patch/socket_patch.dart:2324:31)
      #23     _NativeSocket.issueReadEvent.issue (dart:io-patch/socket_patch.dart:1648:14)
      #24     _microtaskLoop (dart:async/schedule_microtask.dart:42:23)
      #25     _startMicrotaskLoop (dart:async/schedule_microtask.dart:60:5)
      #26     _runPendingImmediateCallback (dart:isolate-patch/isolate_patch.dart:127:13)
      #27     _RawReceivePort._handleMessage (dart:isolate-patch/isolate_patch.dart:194:5)


[✓] Network resources [527ms]
    • All expected network resources are available.

! Doctor found issues in 5 categories.
```
